Intervention_1 8
Intervention_102 73
Intervention_106 42
Intervention_108 78
Intervention_119 3
Intervention_120 19
Intervention_121 28
Intervention_125 63
Intervention_126 71
Intervention_128 58
Intervention_13 28
Intervention_131 82
Intervention_137 67
Intervention_139 86
Intervention_141 65
Intervention_143 84
Intervention_147 3
Intervention_15 29
Intervention_150 24
Intervention_157 89
Intervention_16 84
Intervention_160 49
Intervention_165 86
Intervention_171 43
Intervention_175 78
Intervention_178 57
Intervention_182 42
Intervention_19 73
Intervention_194 10
Intervention_195 80
Intervention_202 77
Intervention_208 85
Intervention_215 84
Intervention_218 21
Intervention_225 70
Intervention_227 70
Intervention_229 78
Intervention_23 69
Intervention_238 80
Intervention_244 63
Intervention_245 36
Intervention_25 49
Intervention_257 81
Intervention_26 10
Intervention_264 58
Intervention_266 46
Intervention_273 87
Intervention_277 38
Intervention_290 3
Intervention_291 37
Intervention_293 72
Intervention_294 2
Intervention_295 70
Intervention_296 63
Intervention_303 84
Intervention_306 66
Intervention_310 72
Intervention_311 80
Intervention_312 57
Intervention_321 37
Intervention_322 84
Intervention_327 84
Intervention_329 85
Intervention_330 56
Intervention_335 78
Intervention_338 9
Intervention_340 83
Intervention_350 63
Intervention_357 66
Intervention_363 72
Intervention_364 57
Intervention_369 65
Intervention_37 86
Intervention_378 9
Intervention_388 81
Intervention_39 87
Intervention_394 63
Intervention_396 45
Intervention_398 77
Intervention_400 78
Intervention_405 51
Intervention_411 86
Intervention_421 4
Intervention_426 31
Intervention_429 67
Intervention_43 10
Intervention_430 81
Intervention_433 21
Intervention_435 4
Intervention_437 70
Intervention_444 56
Intervention_446 9
Intervention_45 28
Intervention_450 39
Intervention_455 64
Intervention_459 9
Intervention_46 50
Intervention_461 10
Intervention_466 72
Intervention_471 3
Intervention_475 18
Intervention_477 23
Intervention_481 42
Intervention_485 18
Intervention_487 4
Intervention_489 43
Intervention_49 28
Intervention_497 43
Intervention_498 58
Intervention_507 65
Intervention_513 49
Intervention_519 77
Intervention_521 18
Intervention_525 15
Intervention_531 29
Intervention_532 77
Intervention_533 15
Intervention_535 80
Intervention_536 84
Intervention_538 63
Intervention_541 63
Intervention_547 84
Intervention_548 32
Intervention_55 37
Intervention_550 21
Intervention_551 77
Intervention_553 2
Intervention_556 81
Intervention_557 6
Intervention_56 23
Intervention_560 29
Intervention_57 16
Intervention_571 77
Intervention_572 81
Intervention_574 33
Intervention_578 22
Intervention_581 14
Intervention_582 29
Intervention_589 14
Intervention_59 56
Intervention_590 65
Intervention_593 16
Intervention_595 22
Intervention_600 28
Intervention_604 35
Intervention_608 79
Intervention_609 77
Intervention_61 3
Intervention_613 17
Intervention_614 7
Intervention_618 6
Intervention_619 26
Intervention_629 22
Intervention_63 2
Intervention_632 28
Intervention_633 7
Intervention_637 49
Intervention_64 77
Intervention_644 77
Intervention_645 9
Intervention_648 77
Intervention_654 36
Intervention_661 22
Intervention_672 13
Intervention_673 77
Intervention_681 32
Intervention_685 32
Intervention_686 16
Intervention_69 29
Intervention_690 13
Intervention_697 15
Intervention_704 84
Intervention_79 84
Intervention_80 79
Intervention_82 3
Intervention_83 42
Intervention_86 32
Intervention_92 35
Intervention_95 24
