nAnts						20
R_per						85
C_per						85
rho   						0.5
numKeep						20
Phe_max						1
Phe_min						0.00222222

#1 --> 1777.39
local search ... (8, 1, 1774.18) - (3, 3, 1773.99) - (8, 1, 1773.99) - 

#2 --> 1774.11
local search ... (8, 1, 1773.47) - (4, 2, 1773.43) - (2, 7, 1773.4) - (3, 3, 1773.4) - 

apply more local search for uBest (1)...(b30, 10, 1773.29) - (11, 1, 1773.28) - (b30, 10, 1773.26) - 

new best solution = 1773.26 found at: 40.2327
Intervention_1 42
Intervention_102 70
Intervention_105 52
Intervention_108 7
Intervention_109 63
Intervention_112 28
Intervention_117 15
Intervention_118 14
Intervention_119 9
Intervention_12 42
Intervention_120 5
Intervention_121 28
Intervention_122 66
Intervention_133 70
Intervention_135 2
Intervention_14 49
Intervention_140 29
Intervention_148 5
Intervention_149 55
Intervention_155 43
Intervention_160 65
Intervention_162 84
Intervention_17 61
Intervention_173 71
Intervention_174 10
Intervention_18 7
Intervention_181 51
Intervention_182 14
Intervention_186 65
Intervention_188 70
Intervention_190 72
Intervention_20 51
Intervention_202 7
Intervention_208 85
Intervention_224 28
Intervention_225 14
Intervention_234 70
Intervention_24 21
Intervention_242 7
Intervention_243 56
Intervention_248 37
Intervention_249 2
Intervention_256 5
Intervention_263 51
Intervention_269 72
Intervention_274 70
Intervention_278 77
Intervention_287 65
Intervention_307 86
Intervention_311 3
Intervention_312 51
Intervention_313 43
Intervention_315 70
Intervention_319 71
Intervention_32 75
Intervention_324 2
Intervention_334 11
Intervention_335 75
Intervention_340 75
Intervention_342 28
Intervention_344 71
Intervention_347 18
Intervention_35 75
Intervention_351 3
Intervention_354 11
Intervention_36 73
Intervention_364 45
Intervention_369 81
Intervention_374 63
Intervention_375 35
Intervention_379 4
Intervention_384 17
Intervention_389 37
Intervention_395 18
Intervention_398 70
Intervention_401 32
Intervention_409 23
Intervention_415 14
Intervention_418 4
Intervention_42 16
Intervention_423 77
Intervention_426 21
Intervention_427 77
Intervention_428 15
Intervention_429 49
Intervention_433 21
Intervention_434 77
Intervention_435 2
Intervention_442 81
Intervention_458 3
Intervention_46 50
Intervention_460 44
Intervention_464 11
Intervention_465 14
Intervention_48 2
Intervention_482 73
Intervention_487 2
Intervention_488 2
Intervention_489 67
Intervention_492 10
Intervention_495 31
Intervention_499 9
Intervention_50 8
Intervention_501 70
Intervention_502 9
Intervention_505 66
Intervention_51 63
Intervention_510 51
Intervention_512 5
Intervention_513 71
Intervention_518 64
Intervention_520 77
Intervention_523 6
Intervention_524 38
Intervention_527 34
Intervention_534 4
Intervention_539 88
Intervention_540 74
Intervention_559 7
Intervention_560 8
Intervention_561 17
Intervention_564 88
Intervention_566 43
Intervention_57 56
Intervention_577 3
Intervention_578 71
Intervention_58 30
Intervention_580 28
Intervention_588 44
Intervention_592 42
Intervention_595 14
Intervention_598 7
Intervention_60 14
Intervention_605 51
Intervention_606 32
Intervention_608 70
Intervention_61 2
Intervention_612 2
Intervention_614 76
Intervention_615 75
Intervention_616 57
Intervention_618 55
Intervention_62 51
Intervention_620 16
Intervention_624 25
Intervention_625 3
Intervention_627 14
Intervention_637 49
Intervention_640 43
Intervention_642 44
Intervention_643 28
Intervention_649 4
Intervention_653 37
Intervention_656 67
Intervention_66 3
Intervention_67 2
Intervention_672 43
Intervention_674 16
Intervention_677 56
Intervention_680 65
Intervention_686 8
Intervention_688 2
Intervention_69 49
Intervention_690 13
Intervention_691 7
Intervention_694 38
Intervention_695 60
Intervention_70 2
Intervention_700 2
Intervention_701 16
Intervention_704 72
Intervention_75 2
Intervention_77 2
Intervention_82 14
Intervention_83 42
Intervention_85 56
Intervention_86 72
Intervention_89 45
Intervention_9 70
Intervention_93 58
Intervention_96 88

#3 --> 1773.15
local search ... (2, 7, 1773) - (2, 7, 1772.98) - (3, 3, 1772.96) - (2, 7, 1772.96) - 

apply more local search for uBest (1)...

new best solution = 1772.96 found at: 53.3349
Intervention_1 42
Intervention_102 70
Intervention_105 52
Intervention_108 8
Intervention_109 64
Intervention_112 28
Intervention_117 15
Intervention_118 14
Intervention_119 9
Intervention_12 42
Intervention_120 5
Intervention_121 42
Intervention_122 66
Intervention_133 70
Intervention_135 2
Intervention_14 49
Intervention_140 29
Intervention_148 5
Intervention_149 55
Intervention_155 43
Intervention_160 65
Intervention_162 84
Intervention_17 61
Intervention_173 71
Intervention_174 73
Intervention_18 7
Intervention_181 51
Intervention_182 14
Intervention_186 65
Intervention_188 70
Intervention_190 72
Intervention_20 51
Intervention_202 7
Intervention_208 85
Intervention_224 28
Intervention_225 14
Intervention_234 70
Intervention_24 21
Intervention_242 7
Intervention_243 56
Intervention_248 37
Intervention_249 2
Intervention_256 5
Intervention_263 51
Intervention_269 9
Intervention_274 70
Intervention_278 77
Intervention_287 65
Intervention_307 86
Intervention_311 3
Intervention_312 51
Intervention_313 43
Intervention_315 70
Intervention_319 71
Intervention_32 75
Intervention_324 2
Intervention_334 11
Intervention_335 75
Intervention_340 75
Intervention_342 28
Intervention_344 71
Intervention_347 18
Intervention_35 75
Intervention_351 3
Intervention_354 11
Intervention_36 72
Intervention_364 45
Intervention_369 81
Intervention_374 63
Intervention_375 35
Intervention_379 4
Intervention_384 17
Intervention_389 37
Intervention_395 18
Intervention_398 70
Intervention_401 32
Intervention_409 23
Intervention_415 14
Intervention_418 4
Intervention_42 16
Intervention_423 77
Intervention_426 21
Intervention_427 77
Intervention_428 15
Intervention_429 49
Intervention_433 21
Intervention_434 77
Intervention_435 2
Intervention_442 81
Intervention_458 3
Intervention_46 50
Intervention_460 44
Intervention_464 11
Intervention_465 14
Intervention_48 2
Intervention_482 73
Intervention_487 2
Intervention_488 2
Intervention_489 67
Intervention_492 35
Intervention_495 31
Intervention_499 10
Intervention_50 8
Intervention_501 70
Intervention_502 5
Intervention_505 66
Intervention_51 63
Intervention_510 51
Intervention_512 5
Intervention_513 71
Intervention_518 64
Intervention_520 77
Intervention_523 6
Intervention_524 38
Intervention_527 34
Intervention_534 4
Intervention_539 88
Intervention_540 74
Intervention_559 7
Intervention_560 9
Intervention_561 17
Intervention_564 88
Intervention_566 43
Intervention_57 56
Intervention_577 3
Intervention_578 71
Intervention_58 30
Intervention_580 28
Intervention_588 44
Intervention_592 42
Intervention_595 14
Intervention_598 7
Intervention_60 14
Intervention_605 51
Intervention_606 32
Intervention_608 70
Intervention_61 2
Intervention_612 2
Intervention_614 76
Intervention_615 75
Intervention_616 57
Intervention_618 55
Intervention_62 51
Intervention_620 16
Intervention_624 25
Intervention_625 3
Intervention_627 14
Intervention_637 49
Intervention_640 43
Intervention_642 44
Intervention_643 28
Intervention_649 4
Intervention_653 37
Intervention_656 67
Intervention_66 3
Intervention_67 2
Intervention_672 43
Intervention_674 16
Intervention_677 56
Intervention_680 65
Intervention_686 8
Intervention_688 2
Intervention_69 49
Intervention_690 13
Intervention_691 7
Intervention_694 38
Intervention_695 60
Intervention_70 2
Intervention_700 2
Intervention_701 16
Intervention_704 72
Intervention_75 2
Intervention_77 2
Intervention_82 14
Intervention_83 42
Intervention_85 28
Intervention_86 72
Intervention_89 45
Intervention_9 70
Intervention_93 58
Intervention_96 88

#4 --> 1773.03
local search ... (3, 3, 1772.36) - (4, 2, 1772.36) - 

apply more local search for uBest (1)...

new best solution = 1772.36 found at: 59.0961
Intervention_1 42
Intervention_102 70
Intervention_105 2
Intervention_108 7
Intervention_109 64
Intervention_112 28
Intervention_117 15
Intervention_118 63
Intervention_119 9
Intervention_12 42
Intervention_120 5
Intervention_121 42
Intervention_122 66
Intervention_133 70
Intervention_135 2
Intervention_14 49
Intervention_140 29
Intervention_148 5
Intervention_149 55
Intervention_155 43
Intervention_160 65
Intervention_162 84
Intervention_17 61
Intervention_173 71
Intervention_174 10
Intervention_18 7
Intervention_181 51
Intervention_182 14
Intervention_186 65
Intervention_188 70
Intervention_190 72
Intervention_20 51
Intervention_202 7
Intervention_208 85
Intervention_224 28
Intervention_225 14
Intervention_234 70
Intervention_24 21
Intervention_242 7
Intervention_243 56
Intervention_248 37
Intervention_249 2
Intervention_256 5
Intervention_263 51
Intervention_269 72
Intervention_274 70
Intervention_278 77
Intervention_287 65
Intervention_307 86
Intervention_311 3
Intervention_312 51
Intervention_313 43
Intervention_315 70
Intervention_319 71
Intervention_32 75
Intervention_324 2
Intervention_334 11
Intervention_335 75
Intervention_340 76
Intervention_342 28
Intervention_344 71
Intervention_347 2
Intervention_35 75
Intervention_351 3
Intervention_354 11
Intervention_36 73
Intervention_364 45
Intervention_369 81
Intervention_374 63
Intervention_375 35
Intervention_379 4
Intervention_384 17
Intervention_389 37
Intervention_395 18
Intervention_398 70
Intervention_401 32
Intervention_409 23
Intervention_415 14
Intervention_418 4
Intervention_42 16
Intervention_423 77
Intervention_426 21
Intervention_427 77
Intervention_428 15
Intervention_429 49
Intervention_433 21
Intervention_434 77
Intervention_435 2
Intervention_442 81
Intervention_458 3
Intervention_46 50
Intervention_460 44
Intervention_464 11
Intervention_465 14
Intervention_48 5
Intervention_482 73
Intervention_487 71
Intervention_488 2
Intervention_489 67
Intervention_492 35
Intervention_495 31
Intervention_499 9
Intervention_50 8
Intervention_501 70
Intervention_502 75
Intervention_505 66
Intervention_51 63
Intervention_510 51
Intervention_512 5
Intervention_513 72
Intervention_518 64
Intervention_520 77
Intervention_523 6
Intervention_524 38
Intervention_527 34
Intervention_534 4
Intervention_539 88
Intervention_540 74
Intervention_559 7
Intervention_560 9
Intervention_561 17
Intervention_564 88
Intervention_566 43
Intervention_57 56
Intervention_577 3
Intervention_578 71
Intervention_58 30
Intervention_580 28
Intervention_588 44
Intervention_592 42
Intervention_595 14
Intervention_598 36
Intervention_60 51
Intervention_605 51
Intervention_606 32
Intervention_608 70
Intervention_61 2
Intervention_612 2
Intervention_614 76
Intervention_615 75
Intervention_616 57
Intervention_618 55
Intervention_62 51
Intervention_620 16
Intervention_624 25
Intervention_625 3
Intervention_627 14
Intervention_637 49
Intervention_640 43
Intervention_642 44
Intervention_643 28
Intervention_649 4
Intervention_653 37
Intervention_656 67
Intervention_66 3
Intervention_67 2
Intervention_672 43
Intervention_674 16
Intervention_677 56
Intervention_680 65
Intervention_686 8
Intervention_688 2
Intervention_69 49
Intervention_690 13
Intervention_691 7
Intervention_694 38
Intervention_695 60
Intervention_70 2
Intervention_700 2
Intervention_701 16
Intervention_704 72
Intervention_75 2
Intervention_77 2
Intervention_82 14
Intervention_83 42
Intervention_85 28
Intervention_86 70
Intervention_89 45
Intervention_9 70
Intervention_93 58
Intervention_96 88

#5 --> 1773.02
local search ... (4, 2, 1772.93) - (2, 7, 1772.93) - 

#6 --> 1771.41
local search ... (8, 1, 1770.76) - (8, 1, 1770.7) - (2, 7, 1770.63) - (8, 1, 1770.63) - 

apply more local search for uBest (2)...

new best solution = 1770.63 found at: 71.1832
Intervention_1 42
Intervention_102 70
Intervention_105 5
Intervention_108 7
Intervention_109 63
Intervention_112 28
Intervention_117 8
Intervention_118 63
Intervention_119 9
Intervention_12 42
Intervention_120 5
Intervention_121 42
Intervention_122 66
Intervention_133 70
Intervention_135 2
Intervention_14 49
Intervention_140 29
Intervention_148 5
Intervention_149 55
Intervention_155 43
Intervention_160 17
Intervention_162 84
Intervention_17 61
Intervention_173 71
Intervention_174 73
Intervention_18 7
Intervention_181 51
Intervention_182 14
Intervention_186 65
Intervention_188 70
Intervention_190 2
Intervention_20 51
Intervention_202 7
Intervention_208 85
Intervention_224 28
Intervention_225 14
Intervention_234 70
Intervention_24 21
Intervention_242 7
Intervention_243 56
Intervention_248 37
Intervention_249 2
Intervention_256 5
Intervention_263 60
Intervention_269 72
Intervention_274 70
Intervention_278 77
Intervention_287 65
Intervention_307 86
Intervention_311 3
Intervention_312 51
Intervention_313 43
Intervention_315 70
Intervention_319 71
Intervention_32 75
Intervention_324 2
Intervention_334 11
Intervention_335 75
Intervention_340 75
Intervention_342 28
Intervention_344 71
Intervention_347 18
Intervention_35 75
Intervention_351 3
Intervention_354 11
Intervention_36 72
Intervention_364 45
Intervention_369 81
Intervention_374 49
Intervention_375 35
Intervention_379 4
Intervention_384 17
Intervention_389 37
Intervention_395 18
Intervention_398 70
Intervention_401 32
Intervention_409 23
Intervention_415 15
Intervention_418 70
Intervention_42 7
Intervention_423 77
Intervention_426 21
Intervention_427 77
Intervention_428 15
Intervention_429 65
Intervention_433 21
Intervention_434 77
Intervention_435 2
Intervention_442 81
Intervention_458 3
Intervention_46 50
Intervention_460 44
Intervention_464 11
Intervention_465 14
Intervention_48 10
Intervention_482 73
Intervention_487 2
Intervention_488 2
Intervention_489 67
Intervention_492 35
Intervention_495 31
Intervention_499 3
Intervention_50 8
Intervention_501 70
Intervention_502 75
Intervention_505 66
Intervention_51 63
Intervention_510 51
Intervention_512 5
Intervention_513 71
Intervention_518 64
Intervention_520 77
Intervention_523 6
Intervention_524 38
Intervention_527 34
Intervention_534 4
Intervention_539 88
Intervention_540 74
Intervention_559 7
Intervention_560 9
Intervention_561 17
Intervention_564 88
Intervention_566 43
Intervention_57 56
Intervention_577 2
Intervention_578 71
Intervention_58 30
Intervention_580 28
Intervention_588 44
Intervention_592 42
Intervention_595 14
Intervention_598 36
Intervention_60 14
Intervention_605 51
Intervention_606 32
Intervention_608 70
Intervention_61 3
Intervention_612 2
Intervention_614 76
Intervention_615 75
Intervention_616 57
Intervention_618 55
Intervention_62 51
Intervention_620 16
Intervention_624 25
Intervention_625 3
Intervention_627 14
Intervention_637 49
Intervention_640 43
Intervention_642 44
Intervention_643 28
Intervention_649 4
Intervention_653 37
Intervention_656 67
Intervention_66 3
Intervention_67 2
Intervention_672 43
Intervention_674 16
Intervention_677 56
Intervention_680 65
Intervention_686 8
Intervention_688 2
Intervention_69 49
Intervention_690 13
Intervention_691 7
Intervention_694 38
Intervention_695 60
Intervention_70 2
Intervention_700 2
Intervention_701 16
Intervention_704 72
Intervention_75 2
Intervention_77 2
Intervention_82 14
Intervention_83 42
Intervention_85 28
Intervention_86 72
Intervention_89 45
Intervention_9 70
Intervention_93 58
Intervention_96 88

#7 --> 1770.46
local search ... (2, 7, 1770.38) - (3, 3, 1770.38) - 

apply more local search for uBest (1)...

new best solution = 1770.38 found at: 84.4633
Intervention_1 42
Intervention_102 70
Intervention_105 5
Intervention_108 7
Intervention_109 63
Intervention_112 28
Intervention_117 15
Intervention_118 63
Intervention_119 9
Intervention_12 42
Intervention_120 5
Intervention_121 42
Intervention_122 66
Intervention_133 70
Intervention_135 2
Intervention_14 49
Intervention_140 29
Intervention_148 5
Intervention_149 55
Intervention_155 43
Intervention_160 17
Intervention_162 84
Intervention_17 61
Intervention_173 71
Intervention_174 73
Intervention_18 7
Intervention_181 51
Intervention_182 14
Intervention_186 65
Intervention_188 70
Intervention_190 2
Intervention_20 51
Intervention_202 7
Intervention_208 85
Intervention_224 28
Intervention_225 14
Intervention_234 70
Intervention_24 21
Intervention_242 7
Intervention_243 56
Intervention_248 37
Intervention_249 2
Intervention_256 5
Intervention_263 60
Intervention_269 72
Intervention_274 70
Intervention_278 77
Intervention_287 65
Intervention_307 86
Intervention_311 3
Intervention_312 51
Intervention_313 43
Intervention_315 70
Intervention_319 71
Intervention_32 75
Intervention_324 2
Intervention_334 11
Intervention_335 75
Intervention_340 75
Intervention_342 28
Intervention_344 71
Intervention_347 18
Intervention_35 75
Intervention_351 3
Intervention_354 11
Intervention_36 72
Intervention_364 45
Intervention_369 81
Intervention_374 49
Intervention_375 35
Intervention_379 4
Intervention_384 17
Intervention_389 37
Intervention_395 18
Intervention_398 70
Intervention_401 32
Intervention_409 23
Intervention_415 15
Intervention_418 70
Intervention_42 9
Intervention_423 77
Intervention_426 21
Intervention_427 77
Intervention_428 15
Intervention_429 65
Intervention_433 21
Intervention_434 77
Intervention_435 2
Intervention_442 81
Intervention_458 3
Intervention_46 50
Intervention_460 44
Intervention_464 11
Intervention_465 14
Intervention_48 5
Intervention_482 73
Intervention_487 2
Intervention_488 2
Intervention_489 67
Intervention_492 35
Intervention_495 31
Intervention_499 3
Intervention_50 8
Intervention_501 70
Intervention_502 75
Intervention_505 66
Intervention_51 63
Intervention_510 51
Intervention_512 5
Intervention_513 71
Intervention_518 64
Intervention_520 77
Intervention_523 6
Intervention_524 38
Intervention_527 34
Intervention_534 4
Intervention_539 88
Intervention_540 74
Intervention_559 7
Intervention_560 9
Intervention_561 17
Intervention_564 88
Intervention_566 43
Intervention_57 56
Intervention_577 2
Intervention_578 71
Intervention_58 30
Intervention_580 28
Intervention_588 44
Intervention_592 42
Intervention_595 14
Intervention_598 36
Intervention_60 14
Intervention_605 51
Intervention_606 32
Intervention_608 70
Intervention_61 3
Intervention_612 2
Intervention_614 76
Intervention_615 75
Intervention_616 57
Intervention_618 55
Intervention_62 51
Intervention_620 16
Intervention_624 25
Intervention_625 3
Intervention_627 14
Intervention_637 49
Intervention_640 43
Intervention_642 44
Intervention_643 28
Intervention_649 4
Intervention_653 37
Intervention_656 67
Intervention_66 3
Intervention_67 2
Intervention_672 43
Intervention_674 16
Intervention_677 56
Intervention_680 65
Intervention_686 8
Intervention_688 2
Intervention_69 49
Intervention_690 13
Intervention_691 7
Intervention_694 38
Intervention_695 60
Intervention_70 2
Intervention_700 2
Intervention_701 16
Intervention_704 72
Intervention_75 2
Intervention_77 2
Intervention_82 14
Intervention_83 42
Intervention_85 28
Intervention_86 72
Intervention_89 45
Intervention_9 70
Intervention_93 58
Intervention_96 88

#8 --> 1770.46
local search ... (4, 2, 1770.36) - (2, 7, 1770.36) - (3, 3, 1770.36) - 

apply more local search for uBest (1)...

new best solution = 1770.36 found at: 91.6786
Intervention_1 42
Intervention_102 70
Intervention_105 5
Intervention_108 7
Intervention_109 63
Intervention_112 28
Intervention_117 7
Intervention_118 63
Intervention_119 8
Intervention_12 42
Intervention_120 5
Intervention_121 42
Intervention_122 66
Intervention_133 70
Intervention_135 2
Intervention_14 49
Intervention_140 29
Intervention_148 5
Intervention_149 55
Intervention_155 43
Intervention_160 17
Intervention_162 84
Intervention_17 61
Intervention_173 71
Intervention_174 73
Intervention_18 7
Intervention_181 51
Intervention_182 14
Intervention_186 65
Intervention_188 70
Intervention_190 2
Intervention_20 51
Intervention_202 10
Intervention_208 85
Intervention_224 28
Intervention_225 14
Intervention_234 70
Intervention_24 21
Intervention_242 7
Intervention_243 56
Intervention_248 37
Intervention_249 2
Intervention_256 5
Intervention_263 51
Intervention_269 72
Intervention_274 70
Intervention_278 77
Intervention_287 65
Intervention_307 86
Intervention_311 3
Intervention_312 51
Intervention_313 43
Intervention_315 70
Intervention_319 71
Intervention_32 75
Intervention_324 2
Intervention_334 11
Intervention_335 75
Intervention_340 75
Intervention_342 28
Intervention_344 71
Intervention_347 18
Intervention_35 75
Intervention_351 3
Intervention_354 11
Intervention_36 71
Intervention_364 45
Intervention_369 81
Intervention_374 63
Intervention_375 35
Intervention_379 4
Intervention_384 17
Intervention_389 37
Intervention_395 18
Intervention_398 70
Intervention_401 32
Intervention_409 23
Intervention_415 15
Intervention_418 70
Intervention_42 16
Intervention_423 77
Intervention_426 21
Intervention_427 77
Intervention_428 15
Intervention_429 65
Intervention_433 21
Intervention_434 77
Intervention_435 2
Intervention_442 81
Intervention_458 3
Intervention_46 50
Intervention_460 44
Intervention_464 11
Intervention_465 14
Intervention_48 5
Intervention_482 73
Intervention_487 2
Intervention_488 2
Intervention_489 67
Intervention_492 35
Intervention_495 31
Intervention_499 28
Intervention_50 8
Intervention_501 70
Intervention_502 75
Intervention_505 66
Intervention_51 63
Intervention_510 51
Intervention_512 5
Intervention_513 71
Intervention_518 64
Intervention_520 77
Intervention_523 6
Intervention_524 38
Intervention_527 34
Intervention_534 4
Intervention_539 88
Intervention_540 74
Intervention_559 7
Intervention_560 9
Intervention_561 17
Intervention_564 88
Intervention_566 43
Intervention_57 56
Intervention_577 2
Intervention_578 3
Intervention_58 30
Intervention_580 28
Intervention_588 44
Intervention_592 42
Intervention_595 14
Intervention_598 36
Intervention_60 14
Intervention_605 51
Intervention_606 32
Intervention_608 70
Intervention_61 3
Intervention_612 2
Intervention_614 76
Intervention_615 75
Intervention_616 57
Intervention_618 55
Intervention_62 51
Intervention_620 16
Intervention_624 25
Intervention_625 3
Intervention_627 14
Intervention_637 49
Intervention_640 43
Intervention_642 44
Intervention_643 28
Intervention_649 4
Intervention_653 37
Intervention_656 67
Intervention_66 3
Intervention_67 2
Intervention_672 43
Intervention_674 16
Intervention_677 56
Intervention_680 65
Intervention_686 8
Intervention_688 2
Intervention_69 49
Intervention_690 13
Intervention_691 7
Intervention_694 38
Intervention_695 60
Intervention_70 2
Intervention_700 2
Intervention_701 16
Intervention_704 72
Intervention_75 2
Intervention_77 2
Intervention_82 14
Intervention_83 42
Intervention_85 28
Intervention_86 72
Intervention_89 45
Intervention_9 70
Intervention_93 58
Intervention_96 88

#9 --> 1770.49
local search ... (3, 3, 1770.12) - (2, 7, 1770.12) - 

apply more local search for uBest (1)...

new best solution = 1770.12 found at: 103.987
Intervention_1 42
Intervention_102 70
Intervention_105 5
Intervention_108 7
Intervention_109 63
Intervention_112 28
Intervention_117 7
Intervention_118 63
Intervention_119 10
Intervention_12 42
Intervention_120 5
Intervention_121 42
Intervention_122 66
Intervention_133 70
Intervention_135 2
Intervention_14 49
Intervention_140 29
Intervention_148 5
Intervention_149 55
Intervention_155 43
Intervention_160 17
Intervention_162 84
Intervention_17 61
Intervention_173 71
Intervention_174 73
Intervention_18 7
Intervention_181 51
Intervention_182 14
Intervention_186 65
Intervention_188 70
Intervention_190 2
Intervention_20 51
Intervention_202 7
Intervention_208 85
Intervention_224 28
Intervention_225 14
Intervention_234 70
Intervention_24 21
Intervention_242 7
Intervention_243 56
Intervention_248 37
Intervention_249 2
Intervention_256 5
Intervention_263 51
Intervention_269 72
Intervention_274 70
Intervention_278 77
Intervention_287 65
Intervention_307 86
Intervention_311 3
Intervention_312 51
Intervention_313 43
Intervention_315 70
Intervention_319 71
Intervention_32 75
Intervention_324 2
Intervention_334 11
Intervention_335 75
Intervention_340 75
Intervention_342 28
Intervention_344 71
Intervention_347 2
Intervention_35 75
Intervention_351 3
Intervention_354 11
Intervention_36 74
Intervention_364 45
Intervention_369 81
Intervention_374 63
Intervention_375 35
Intervention_379 4
Intervention_384 17
Intervention_389 37
Intervention_395 18
Intervention_398 70
Intervention_401 32
Intervention_409 23
Intervention_415 15
Intervention_418 70
Intervention_42 16
Intervention_423 77
Intervention_426 21
Intervention_427 77
Intervention_428 71
Intervention_429 65
Intervention_433 21
Intervention_434 77
Intervention_435 2
Intervention_442 81
Intervention_458 3
Intervention_46 50
Intervention_460 44
Intervention_464 11
Intervention_465 14
Intervention_48 5
Intervention_482 73
Intervention_487 71
Intervention_488 2
Intervention_489 9
Intervention_492 35
Intervention_495 31
Intervention_499 3
Intervention_50 8
Intervention_501 70
Intervention_502 75
Intervention_505 66
Intervention_51 63
Intervention_510 51
Intervention_512 5
Intervention_513 73
Intervention_518 64
Intervention_520 77
Intervention_523 6
Intervention_524 38
Intervention_527 34
Intervention_534 4
Intervention_539 88
Intervention_540 74
Intervention_559 7
Intervention_560 9
Intervention_561 17
Intervention_564 88
Intervention_566 43
Intervention_57 56
Intervention_577 2
Intervention_578 18
Intervention_58 30
Intervention_580 28
Intervention_588 44
Intervention_592 42
Intervention_595 14
Intervention_598 36
Intervention_60 14
Intervention_605 51
Intervention_606 16
Intervention_608 70
Intervention_61 3
Intervention_612 2
Intervention_614 76
Intervention_615 75
Intervention_616 57
Intervention_618 55
Intervention_62 51
Intervention_620 16
Intervention_624 25
Intervention_625 3
Intervention_627 14
Intervention_637 49
Intervention_640 43
Intervention_642 44
Intervention_643 28
Intervention_649 4
Intervention_653 37
Intervention_656 67
Intervention_66 2
Intervention_67 72
Intervention_672 43
Intervention_674 16
Intervention_677 56
Intervention_680 65
Intervention_686 8
Intervention_688 2
Intervention_69 49
Intervention_690 13
Intervention_691 7
Intervention_694 38
Intervention_695 60
Intervention_70 2
Intervention_700 2
Intervention_701 16
Intervention_704 72
Intervention_75 2
Intervention_77 2
Intervention_82 14
Intervention_83 42
Intervention_85 28
Intervention_86 72
Intervention_89 45
Intervention_9 70
Intervention_93 58
Intervention_96 88

#10 --> 1770.54
local search ... (2, 7, 1770.22) - (2, 7, 1770.13) - (3, 3, 1770.13) - 

#11 --> 1770.27
local search ... (8, 1, 1770.04) - (8, 1, 1769.95) - (8, 1, 1769.95) - 

apply more local search for uBest (2)...

new best solution = 1769.95 found at: 122.109
Intervention_1 42
Intervention_102 70
Intervention_105 5
Intervention_108 7
Intervention_109 63
Intervention_112 7
Intervention_117 7
Intervention_118 63
Intervention_119 17
Intervention_12 42
Intervention_120 5
Intervention_121 42
Intervention_122 66
Intervention_133 70
Intervention_135 2
Intervention_14 49
Intervention_140 29
Intervention_148 5
Intervention_149 55
Intervention_155 43
Intervention_160 17
Intervention_162 14
Intervention_17 61
Intervention_173 71
Intervention_174 73
Intervention_18 7
Intervention_181 51
Intervention_182 28
Intervention_186 65
Intervention_188 70
Intervention_190 2
Intervention_20 51
Intervention_202 7
Intervention_208 85
Intervention_224 28
Intervention_225 14
Intervention_234 70
Intervention_24 21
Intervention_242 7
Intervention_243 56
Intervention_248 37
Intervention_249 2
Intervention_256 5
Intervention_263 60
Intervention_269 30
Intervention_274 70
Intervention_278 77
Intervention_287 65
Intervention_307 86
Intervention_311 3
Intervention_312 51
Intervention_313 43
Intervention_315 70
Intervention_319 71
Intervention_32 75
Intervention_324 2
Intervention_334 11
Intervention_335 75
Intervention_340 75
Intervention_342 28
Intervention_344 71
Intervention_347 2
Intervention_35 75
Intervention_351 3
Intervention_354 11
Intervention_36 72
Intervention_364 45
Intervention_369 81
Intervention_374 63
Intervention_375 35
Intervention_379 4
Intervention_384 17
Intervention_389 37
Intervention_395 28
Intervention_398 70
Intervention_401 32
Intervention_409 23
Intervention_415 15
Intervention_418 70
Intervention_42 16
Intervention_423 77
Intervention_426 21
Intervention_427 77
Intervention_428 15
Intervention_429 65
Intervention_433 21
Intervention_434 77
Intervention_435 2
Intervention_442 81
Intervention_458 3
Intervention_46 50
Intervention_460 44
Intervention_464 11
Intervention_465 14
Intervention_48 5
Intervention_482 73
Intervention_487 71
Intervention_488 2
Intervention_489 9
Intervention_492 35
Intervention_495 31
Intervention_499 10
Intervention_50 8
Intervention_501 70
Intervention_502 75
Intervention_505 66
Intervention_51 63
Intervention_510 51
Intervention_512 5
Intervention_513 73
Intervention_518 64
Intervention_520 77
Intervention_523 6
Intervention_524 38
Intervention_527 34
Intervention_534 4
Intervention_539 88
Intervention_540 74
Intervention_559 8
Intervention_560 71
Intervention_561 17
Intervention_564 88
Intervention_566 43
Intervention_57 56
Intervention_577 2
Intervention_578 3
Intervention_58 30
Intervention_580 28
Intervention_588 44
Intervention_592 42
Intervention_595 14
Intervention_598 36
Intervention_60 14
Intervention_605 51
Intervention_606 29
Intervention_608 70
Intervention_61 3
Intervention_612 2
Intervention_614 76
Intervention_615 75
Intervention_616 57
Intervention_618 55
Intervention_62 51
Intervention_620 16
Intervention_624 25
Intervention_625 3
Intervention_627 14
Intervention_637 49
Intervention_640 43
Intervention_642 44
Intervention_643 28
Intervention_649 4
Intervention_653 37
Intervention_656 67
Intervention_66 2
Intervention_67 72
Intervention_672 43
Intervention_674 16
Intervention_677 56
Intervention_680 28
Intervention_686 9
Intervention_688 2
Intervention_69 49
Intervention_690 13
Intervention_691 7
Intervention_694 38
Intervention_695 60
Intervention_70 2
Intervention_700 2
Intervention_701 16
Intervention_704 72
Intervention_75 2
Intervention_77 2
Intervention_82 14
Intervention_83 42
Intervention_85 28
Intervention_86 74
Intervention_89 45
Intervention_9 70
Intervention_93 58
Intervention_96 88

#12 --> 1770.38
local search ... (4, 2, 1769.94) - (2, 7, 1769.9) - (2, 7, 1769.89) - (4, 2, 1769.89) - 

apply more local search for uBest (1)...

new best solution = 1769.89 found at: 125.962
Intervention_1 42
Intervention_102 70
Intervention_105 4
Intervention_108 7
Intervention_109 63
Intervention_112 7
Intervention_117 29
Intervention_118 63
Intervention_119 17
Intervention_12 42
Intervention_120 5
Intervention_121 42
Intervention_122 66
Intervention_133 70
Intervention_135 2
Intervention_14 49
Intervention_140 29
Intervention_148 5
Intervention_149 55
Intervention_155 43
Intervention_160 17
Intervention_162 14
Intervention_17 61
Intervention_173 71
Intervention_174 73
Intervention_18 7
Intervention_181 51
Intervention_182 28
Intervention_186 65
Intervention_188 70
Intervention_190 2
Intervention_20 51
Intervention_202 9
Intervention_208 85
Intervention_224 28
Intervention_225 14
Intervention_234 70
Intervention_24 21
Intervention_242 7
Intervention_243 56
Intervention_248 37
Intervention_249 2
Intervention_256 5
Intervention_263 60
Intervention_269 9
Intervention_274 70
Intervention_278 77
Intervention_287 65
Intervention_307 86
Intervention_311 3
Intervention_312 51
Intervention_313 43
Intervention_315 70
Intervention_319 71
Intervention_32 75
Intervention_324 2
Intervention_334 11
Intervention_335 75
Intervention_340 75
Intervention_342 28
Intervention_344 71
Intervention_347 18
Intervention_35 75
Intervention_351 3
Intervention_354 11
Intervention_36 72
Intervention_364 45
Intervention_369 81
Intervention_374 63
Intervention_375 35
Intervention_379 4
Intervention_384 17
Intervention_389 37
Intervention_395 28
Intervention_398 70
Intervention_401 32
Intervention_409 23
Intervention_415 15
Intervention_418 70
Intervention_42 16
Intervention_423 77
Intervention_426 21
Intervention_427 77
Intervention_428 15
Intervention_429 65
Intervention_433 21
Intervention_434 77
Intervention_435 2
Intervention_442 81
Intervention_458 3
Intervention_46 50
Intervention_460 44
Intervention_464 11
Intervention_465 14
Intervention_48 5
Intervention_482 73
Intervention_487 71
Intervention_488 2
Intervention_489 67
Intervention_492 35
Intervention_495 31
Intervention_499 8
Intervention_50 7
Intervention_501 70
Intervention_502 75
Intervention_505 66
Intervention_51 63
Intervention_510 51
Intervention_512 5
Intervention_513 73
Intervention_518 64
Intervention_520 77
Intervention_523 6
Intervention_524 38
Intervention_527 34
Intervention_534 2
Intervention_539 88
Intervention_540 74
Intervention_559 7
Intervention_560 71
Intervention_561 17
Intervention_564 88
Intervention_566 43
Intervention_57 56
Intervention_577 3
Intervention_578 2
Intervention_58 30
Intervention_580 28
Intervention_588 44
Intervention_592 42
Intervention_595 14
Intervention_598 36
Intervention_60 14
Intervention_605 51
Intervention_606 29
Intervention_608 70
Intervention_61 3
Intervention_612 2
Intervention_614 76
Intervention_615 75
Intervention_616 57
Intervention_618 55
Intervention_62 51
Intervention_620 16
Intervention_624 25
Intervention_625 3
Intervention_627 14
Intervention_637 49
Intervention_640 43
Intervention_642 44
Intervention_643 28
Intervention_649 4
Intervention_653 37
Intervention_656 67
Intervention_66 2
Intervention_67 72
Intervention_672 43
Intervention_674 16
Intervention_677 56
Intervention_680 28
Intervention_686 8
Intervention_688 2
Intervention_69 49
Intervention_690 13
Intervention_691 7
Intervention_694 38
Intervention_695 60
Intervention_70 2
Intervention_700 2
Intervention_701 16
Intervention_704 72
Intervention_75 2
Intervention_77 2
Intervention_82 14
Intervention_83 42
Intervention_85 28
Intervention_86 74
Intervention_89 45
Intervention_9 70
Intervention_93 58
Intervention_96 88

#13 --> 1770.01
local search ... (3, 3, 1769.85) - (2, 7, 1769.85) - 

apply more local search for uBest (1)...

new best solution = 1769.85 found at: 137.334
Intervention_1 42
Intervention_102 70
Intervention_105 5
Intervention_108 7
Intervention_109 63
Intervention_112 7
Intervention_117 15
Intervention_118 63
Intervention_119 17
Intervention_12 42
Intervention_120 5
Intervention_121 42
Intervention_122 66
Intervention_133 70
Intervention_135 2
Intervention_14 49
Intervention_140 29
Intervention_148 5
Intervention_149 55
Intervention_155 43
Intervention_160 65
Intervention_162 14
Intervention_17 61
Intervention_173 71
Intervention_174 73
Intervention_18 7
Intervention_181 51
Intervention_182 28
Intervention_186 65
Intervention_188 70
Intervention_190 2
Intervention_20 51
Intervention_202 7
Intervention_208 85
Intervention_224 28
Intervention_225 14
Intervention_234 70
Intervention_24 21
Intervention_242 7
Intervention_243 56
Intervention_248 37
Intervention_249 2
Intervention_256 5
Intervention_263 51
Intervention_269 9
Intervention_274 70
Intervention_278 77
Intervention_287 65
Intervention_307 86
Intervention_311 3
Intervention_312 51
Intervention_313 43
Intervention_315 70
Intervention_319 71
Intervention_32 75
Intervention_324 2
Intervention_334 11
Intervention_335 75
Intervention_340 75
Intervention_342 28
Intervention_344 71
Intervention_347 2
Intervention_35 75
Intervention_351 3
Intervention_354 11
Intervention_36 72
Intervention_364 45
Intervention_369 81
Intervention_374 63
Intervention_375 35
Intervention_379 4
Intervention_384 17
Intervention_389 37
Intervention_395 28
Intervention_398 70
Intervention_401 32
Intervention_409 23
Intervention_415 15
Intervention_418 70
Intervention_42 16
Intervention_423 77
Intervention_426 21
Intervention_427 77
Intervention_428 15
Intervention_429 65
Intervention_433 21
Intervention_434 77
Intervention_435 2
Intervention_442 81
Intervention_458 3
Intervention_46 50
Intervention_460 44
Intervention_464 11
Intervention_465 14
Intervention_48 5
Intervention_482 73
Intervention_487 71
Intervention_488 2
Intervention_489 67
Intervention_492 10
Intervention_495 31
Intervention_499 3
Intervention_50 7
Intervention_501 70
Intervention_502 75
Intervention_505 66
Intervention_51 63
Intervention_510 51
Intervention_512 5
Intervention_513 73
Intervention_518 64
Intervention_520 77
Intervention_523 6
Intervention_524 38
Intervention_527 34
Intervention_534 4
Intervention_539 88
Intervention_540 74
Intervention_559 7
Intervention_560 71
Intervention_561 17
Intervention_564 88
Intervention_566 43
Intervention_57 56
Intervention_577 2
Intervention_578 18
Intervention_58 30
Intervention_580 28
Intervention_588 44
Intervention_592 42
Intervention_595 14
Intervention_598 36
Intervention_60 14
Intervention_605 51
Intervention_606 29
Intervention_608 70
Intervention_61 3
Intervention_612 2
Intervention_614 76
Intervention_615 75
Intervention_616 57
Intervention_618 55
Intervention_62 51
Intervention_620 16
Intervention_624 25
Intervention_625 3
Intervention_627 14
Intervention_637 49
Intervention_640 43
Intervention_642 44
Intervention_643 28
Intervention_649 4
Intervention_653 37
Intervention_656 67
Intervention_66 2
Intervention_67 72
Intervention_672 43
Intervention_674 16
Intervention_677 56
Intervention_680 28
Intervention_686 8
Intervention_688 2
Intervention_69 49
Intervention_690 13
Intervention_691 9
Intervention_694 38
Intervention_695 60
Intervention_70 2
Intervention_700 2
Intervention_701 16
Intervention_704 72
Intervention_75 2
Intervention_77 2
Intervention_82 14
Intervention_83 42
Intervention_85 28
Intervention_86 74
Intervention_89 45
Intervention_9 70
Intervention_93 58
Intervention_96 88

#14 --> 1770.05
local search ... (8, 1, 1769.78) - (2, 7, 1769.76) - (2, 7, 1769.76) - 

apply more local search for uBest (1)...(b30, 10, 1769.76) - 

new best solution = 1769.76 found at: 158.682
Intervention_1 42
Intervention_102 70
Intervention_105 5
Intervention_108 7
Intervention_109 63
Intervention_112 7
Intervention_117 7
Intervention_118 14
Intervention_119 17
Intervention_12 42
Intervention_120 5
Intervention_121 42
Intervention_122 66
Intervention_133 70
Intervention_135 2
Intervention_14 49
Intervention_140 29
Intervention_148 5
Intervention_149 55
Intervention_155 43
Intervention_160 65
Intervention_162 14
Intervention_17 61
Intervention_173 71
Intervention_174 73
Intervention_18 7
Intervention_181 51
Intervention_182 28
Intervention_186 65
Intervention_188 70
Intervention_190 2
Intervention_20 51
Intervention_202 7
Intervention_208 85
Intervention_224 28
Intervention_225 14
Intervention_234 70
Intervention_24 21
Intervention_242 7
Intervention_243 56
Intervention_248 37
Intervention_249 2
Intervention_256 5
Intervention_263 60
Intervention_269 9
Intervention_274 70
Intervention_278 77
Intervention_287 65
Intervention_307 86
Intervention_311 3
Intervention_312 51
Intervention_313 43
Intervention_315 70
Intervention_319 71
Intervention_32 75
Intervention_324 2
Intervention_334 11
Intervention_335 75
Intervention_340 75
Intervention_342 28
Intervention_344 71
Intervention_347 2
Intervention_35 75
Intervention_351 3
Intervention_354 11
Intervention_36 72
Intervention_364 45
Intervention_369 81
Intervention_374 63
Intervention_375 35
Intervention_379 4
Intervention_384 17
Intervention_389 37
Intervention_395 28
Intervention_398 70
Intervention_401 32
Intervention_409 23
Intervention_415 15
Intervention_418 70
Intervention_42 16
Intervention_423 77
Intervention_426 21
Intervention_427 77
Intervention_428 15
Intervention_429 65
Intervention_433 21
Intervention_434 77
Intervention_435 3
Intervention_442 81
Intervention_458 3
Intervention_46 50
Intervention_460 44
Intervention_464 11
Intervention_465 14
Intervention_48 5
Intervention_482 73
Intervention_487 2
Intervention_488 2
Intervention_489 67
Intervention_492 35
Intervention_495 31
Intervention_499 10
Intervention_50 28
Intervention_501 70
Intervention_502 75
Intervention_505 66
Intervention_51 63
Intervention_510 51
Intervention_512 5
Intervention_513 73
Intervention_518 64
Intervention_520 77
Intervention_523 6
Intervention_524 38
Intervention_527 34
Intervention_534 4
Intervention_539 88
Intervention_540 74
Intervention_559 7
Intervention_560 71
Intervention_561 17
Intervention_564 88
Intervention_566 43
Intervention_57 56
Intervention_577 71
Intervention_578 2
Intervention_58 30
Intervention_580 28
Intervention_588 44
Intervention_592 42
Intervention_595 77
Intervention_598 36
Intervention_60 14
Intervention_605 51
Intervention_606 29
Intervention_608 70
Intervention_61 3
Intervention_612 2
Intervention_614 76
Intervention_615 75
Intervention_616 57
Intervention_618 55
Intervention_62 51
Intervention_620 16
Intervention_624 25
Intervention_625 3
Intervention_627 14
Intervention_637 49
Intervention_640 43
Intervention_642 44
Intervention_643 28
Intervention_649 4
Intervention_653 37
Intervention_656 67
Intervention_66 2
Intervention_67 72
Intervention_672 43
Intervention_674 16
Intervention_677 56
Intervention_680 28
Intervention_686 8
Intervention_688 2
Intervention_69 49
Intervention_690 13
Intervention_691 9
Intervention_694 38
Intervention_695 60
Intervention_70 2
Intervention_700 2
Intervention_701 16
Intervention_704 72
Intervention_75 2
Intervention_77 2
Intervention_82 14
Intervention_83 42
Intervention_85 28
Intervention_86 74
Intervention_89 45
Intervention_9 70
Intervention_93 58
Intervention_96 88

#15 --> 1769.71
local search ... (2, 7, 1769.71) - (3, 3, 1769.7) - (3, 3, 1769.7) - 

apply more local search for uBest (1)...

new best solution = 1769.7 found at: 170.71
Intervention_1 42
Intervention_102 70
Intervention_105 5
Intervention_108 7
Intervention_109 63
Intervention_112 7
Intervention_117 7
Intervention_118 63
Intervention_119 17
Intervention_12 42
Intervention_120 5
Intervention_121 42
Intervention_122 66
Intervention_133 70
Intervention_135 2
Intervention_14 49
Intervention_140 29
Intervention_148 5
Intervention_149 55
Intervention_155 43
Intervention_160 17
Intervention_162 14
Intervention_17 61
Intervention_173 71
Intervention_174 73
Intervention_18 7
Intervention_181 51
Intervention_182 28
Intervention_186 65
Intervention_188 70
Intervention_190 2
Intervention_20 51
Intervention_202 7
Intervention_208 85
Intervention_224 28
Intervention_225 14
Intervention_234 70
Intervention_24 21
Intervention_242 7
Intervention_243 56
Intervention_248 37
Intervention_249 2
Intervention_256 5
Intervention_263 60
Intervention_269 9
Intervention_274 70
Intervention_278 77
Intervention_287 65
Intervention_307 86
Intervention_311 3
Intervention_312 51
Intervention_313 43
Intervention_315 70
Intervention_319 71
Intervention_32 75
Intervention_324 2
Intervention_334 11
Intervention_335 75
Intervention_340 75
Intervention_342 28
Intervention_344 71
Intervention_347 2
Intervention_35 75
Intervention_351 3
Intervention_354 11
Intervention_36 71
Intervention_364 45
Intervention_369 81
Intervention_374 63
Intervention_375 35
Intervention_379 4
Intervention_384 17
Intervention_389 37
Intervention_395 28
Intervention_398 70
Intervention_401 32
Intervention_409 23
Intervention_415 15
Intervention_418 70
Intervention_42 16
Intervention_423 77
Intervention_426 21
Intervention_427 77
Intervention_428 15
Intervention_429 65
Intervention_433 21
Intervention_434 77
Intervention_435 3
Intervention_442 81
Intervention_458 3
Intervention_46 50
Intervention_460 44
Intervention_464 11
Intervention_465 14
Intervention_48 5
Intervention_482 73
Intervention_487 2
Intervention_488 2
Intervention_489 67
Intervention_492 35
Intervention_495 31
Intervention_499 10
Intervention_50 28
Intervention_501 70
Intervention_502 75
Intervention_505 66
Intervention_51 63
Intervention_510 51
Intervention_512 5
Intervention_513 73
Intervention_518 64
Intervention_520 77
Intervention_523 6
Intervention_524 38
Intervention_527 34
Intervention_534 4
Intervention_539 88
Intervention_540 74
Intervention_559 7
Intervention_560 71
Intervention_561 17
Intervention_564 88
Intervention_566 43
Intervention_57 56
Intervention_577 2
Intervention_578 18
Intervention_58 30
Intervention_580 28
Intervention_588 44
Intervention_592 42
Intervention_595 14
Intervention_598 36
Intervention_60 14
Intervention_605 51
Intervention_606 29
Intervention_608 70
Intervention_61 3
Intervention_612 2
Intervention_614 76
Intervention_615 75
Intervention_616 57
Intervention_618 55
Intervention_62 51
Intervention_620 16
Intervention_624 25
Intervention_625 3
Intervention_627 14
Intervention_637 49
Intervention_640 43
Intervention_642 44
Intervention_643 28
Intervention_649 4
Intervention_653 37
Intervention_656 67
Intervention_66 2
Intervention_67 72
Intervention_672 43
Intervention_674 16
Intervention_677 56
Intervention_680 28
Intervention_686 8
Intervention_688 2
Intervention_69 49
Intervention_690 13
Intervention_691 9
Intervention_694 38
Intervention_695 60
Intervention_70 2
Intervention_700 2
Intervention_701 16
Intervention_704 72
Intervention_75 2
Intervention_77 2
Intervention_82 14
Intervention_83 42
Intervention_85 28
Intervention_86 74
Intervention_89 45
Intervention_9 70
Intervention_93 58
Intervention_96 88

#16 --> 1770.17
local search ... (3, 3, 1769.72) - (8, 1, 1769.72) - 

#17 --> 1769.79
local search ... (2, 7, 1769.65) - (2, 7, 1769.63) - (4, 2, 1769.63) - 

apply more local search for uBest (2)...(b30, 10, 1769.61) - 

new best solution = 1769.61 found at: 197.202
Intervention_1 42
Intervention_102 70
Intervention_105 5
Intervention_108 7
Intervention_109 63
Intervention_112 7
Intervention_117 15
Intervention_118 63
Intervention_119 9
Intervention_12 42
Intervention_120 5
Intervention_121 42
Intervention_122 66
Intervention_133 70
Intervention_135 2
Intervention_14 49
Intervention_140 29
Intervention_148 5
Intervention_149 55
Intervention_155 43
Intervention_160 17
Intervention_162 14
Intervention_17 61
Intervention_173 71
Intervention_174 73
Intervention_18 7
Intervention_181 51
Intervention_182 28
Intervention_186 65
Intervention_188 70
Intervention_190 2
Intervention_20 51
Intervention_202 7
Intervention_208 85
Intervention_224 28
Intervention_225 14
Intervention_234 70
Intervention_24 21
Intervention_242 7
Intervention_243 56
Intervention_248 37
Intervention_249 2
Intervention_256 5
Intervention_263 60
Intervention_269 71
Intervention_274 70
Intervention_278 77
Intervention_287 65
Intervention_307 86
Intervention_311 3
Intervention_312 51
Intervention_313 43
Intervention_315 70
Intervention_319 7
Intervention_32 75
Intervention_324 2
Intervention_334 11
Intervention_335 75
Intervention_340 75
Intervention_342 28
Intervention_344 71
Intervention_347 2
Intervention_35 75
Intervention_351 3
Intervention_354 11
Intervention_36 71
Intervention_364 45
Intervention_369 81
Intervention_374 63
Intervention_375 35
Intervention_379 4
Intervention_384 17
Intervention_389 37
Intervention_395 28
Intervention_398 70
Intervention_401 32
Intervention_409 23
Intervention_415 15
Intervention_418 70
Intervention_42 16
Intervention_423 77
Intervention_426 21
Intervention_427 77
Intervention_428 15
Intervention_429 65
Intervention_433 21
Intervention_434 77
Intervention_435 63
Intervention_442 81
Intervention_458 3
Intervention_46 50
Intervention_460 44
Intervention_464 11
Intervention_465 14
Intervention_48 5
Intervention_482 73
Intervention_487 2
Intervention_488 2
Intervention_489 67
Intervention_492 35
Intervention_495 31
Intervention_499 3
Intervention_50 28
Intervention_501 70
Intervention_502 75
Intervention_505 66
Intervention_51 63
Intervention_510 51
Intervention_512 5
Intervention_513 72
Intervention_518 64
Intervention_520 77
Intervention_523 6
Intervention_524 38
Intervention_527 34
Intervention_534 4
Intervention_539 88
Intervention_540 74
Intervention_559 7
Intervention_560 9
Intervention_561 17
Intervention_564 88
Intervention_566 43
Intervention_57 56
Intervention_577 2
Intervention_578 71
Intervention_58 30
Intervention_580 28
Intervention_588 44
Intervention_592 42
Intervention_595 14
Intervention_598 36
Intervention_60 14
Intervention_605 51
Intervention_606 29
Intervention_608 70
Intervention_61 3
Intervention_612 2
Intervention_614 76
Intervention_615 73
Intervention_616 57
Intervention_618 55
Intervention_62 51
Intervention_620 16
Intervention_624 25
Intervention_625 3
Intervention_627 14
Intervention_637 49
Intervention_640 43
Intervention_642 44
Intervention_643 28
Intervention_649 4
Intervention_653 37
Intervention_656 67
Intervention_66 2
Intervention_67 72
Intervention_672 43
Intervention_674 16
Intervention_677 56
Intervention_680 28
Intervention_686 8
Intervention_688 2
Intervention_69 49
Intervention_690 13
Intervention_691 11
Intervention_694 38
Intervention_695 60
Intervention_70 2
Intervention_700 2
Intervention_701 16
Intervention_704 72
Intervention_75 2
Intervention_77 2
Intervention_82 14
Intervention_83 42
Intervention_85 28
Intervention_86 74
Intervention_89 45
Intervention_9 70
Intervention_93 58
Intervention_96 88

#18 --> 1769.53
local search ... (3, 3, 1769.46) - (8, 1, 1769.46) - (3, 3, 1769.46) - 

apply more local search for uBest (1)...

new best solution = 1769.46 found at: 209.234
Intervention_1 42
Intervention_102 70
Intervention_105 5
Intervention_108 7
Intervention_109 63
Intervention_112 7
Intervention_117 15
Intervention_118 63
Intervention_119 63
Intervention_12 42
Intervention_120 5
Intervention_121 42
Intervention_122 66
Intervention_133 70
Intervention_135 2
Intervention_14 49
Intervention_140 29
Intervention_148 5
Intervention_149 55
Intervention_155 43
Intervention_160 17
Intervention_162 14
Intervention_17 61
Intervention_173 71
Intervention_174 73
Intervention_18 7
Intervention_181 51
Intervention_182 28
Intervention_186 65
Intervention_188 70
Intervention_190 2
Intervention_20 51
Intervention_202 7
Intervention_208 85
Intervention_224 28
Intervention_225 14
Intervention_234 70
Intervention_24 21
Intervention_242 7
Intervention_243 56
Intervention_248 37
Intervention_249 2
Intervention_256 5
Intervention_263 60
Intervention_269 71
Intervention_274 70
Intervention_278 77
Intervention_287 65
Intervention_307 86
Intervention_311 3
Intervention_312 51
Intervention_313 43
Intervention_315 70
Intervention_319 71
Intervention_32 75
Intervention_324 2
Intervention_334 11
Intervention_335 75
Intervention_340 75
Intervention_342 28
Intervention_344 88
Intervention_347 2
Intervention_35 75
Intervention_351 3
Intervention_354 11
Intervention_36 71
Intervention_364 45
Intervention_369 81
Intervention_374 63
Intervention_375 35
Intervention_379 4
Intervention_384 17
Intervention_389 37
Intervention_395 28
Intervention_398 70
Intervention_401 32
Intervention_409 23
Intervention_415 15
Intervention_418 70
Intervention_42 16
Intervention_423 77
Intervention_426 21
Intervention_427 77
Intervention_428 15
Intervention_429 28
Intervention_433 21
Intervention_434 77
Intervention_435 67
Intervention_442 81
Intervention_458 3
Intervention_46 50
Intervention_460 44
Intervention_464 11
Intervention_465 14
Intervention_48 5
Intervention_482 73
Intervention_487 2
Intervention_488 2
Intervention_489 67
Intervention_492 10
Intervention_495 31
Intervention_499 9
Intervention_50 7
Intervention_501 70
Intervention_502 75
Intervention_505 66
Intervention_51 63
Intervention_510 51
Intervention_512 5
Intervention_513 71
Intervention_518 64
Intervention_520 77
Intervention_523 6
Intervention_524 38
Intervention_527 34
Intervention_534 4
Intervention_539 88
Intervention_540 74
Intervention_559 7
Intervention_560 9
Intervention_561 17
Intervention_564 88
Intervention_566 43
Intervention_57 56
Intervention_577 2
Intervention_578 3
Intervention_58 30
Intervention_580 28
Intervention_588 44
Intervention_592 42
Intervention_595 14
Intervention_598 36
Intervention_60 14
Intervention_605 51
Intervention_606 29
Intervention_608 70
Intervention_61 3
Intervention_612 2
Intervention_614 76
Intervention_615 75
Intervention_616 57
Intervention_618 55
Intervention_62 51
Intervention_620 16
Intervention_624 25
Intervention_625 3
Intervention_627 14
Intervention_637 49
Intervention_640 43
Intervention_642 44
Intervention_643 28
Intervention_649 4
Intervention_653 37
Intervention_656 67
Intervention_66 2
Intervention_67 72
Intervention_672 43
Intervention_674 16
Intervention_677 56
Intervention_680 28
Intervention_686 8
Intervention_688 2
Intervention_69 49
Intervention_690 13
Intervention_691 11
Intervention_694 38
Intervention_695 60
Intervention_70 2
Intervention_700 2
Intervention_701 16
Intervention_704 72
Intervention_75 2
Intervention_77 2
Intervention_82 14
Intervention_83 42
Intervention_85 28
Intervention_86 74
Intervention_89 45
Intervention_9 70
Intervention_93 58
Intervention_96 88

#19 --> 1769.46
local search ... (8, 1, 1769.46) - 

#20 --> 1769.54
local search ... (2, 7, 1769.46) - (8, 1, 1769.46) - 

#21 --> 1769.9
local search ... (2, 7, 1769.62) - (3, 3, 1769.62) - 

#22 --> 1769.5
local search ... (4, 2, 1769.36) - (8, 1, 1769.36) - 

apply more local search for uBest (4)...(b30, 10, 1769.35) - (2, 25, 1769.34) - 

new best solution = 1769.34 found at: 228.417
Intervention_1 42
Intervention_102 70
Intervention_105 5
Intervention_108 7
Intervention_109 63
Intervention_112 7
Intervention_117 15
Intervention_118 63
Intervention_119 63
Intervention_12 42
Intervention_120 5
Intervention_121 42
Intervention_122 66
Intervention_133 70
Intervention_135 2
Intervention_14 49
Intervention_140 29
Intervention_148 5
Intervention_149 55
Intervention_155 43
Intervention_160 17
Intervention_162 14
Intervention_17 61
Intervention_173 71
Intervention_174 73
Intervention_18 7
Intervention_181 51
Intervention_182 28
Intervention_186 65
Intervention_188 70
Intervention_190 2
Intervention_20 51
Intervention_202 7
Intervention_208 85
Intervention_224 28
Intervention_225 14
Intervention_234 70
Intervention_24 21
Intervention_242 7
Intervention_243 56
Intervention_248 37
Intervention_249 2
Intervention_256 5
Intervention_263 60
Intervention_269 71
Intervention_274 70
Intervention_278 77
Intervention_287 65
Intervention_307 86
Intervention_311 3
Intervention_312 51
Intervention_313 43
Intervention_315 70
Intervention_319 71
Intervention_32 75
Intervention_324 2
Intervention_334 11
Intervention_335 75
Intervention_340 75
Intervention_342 28
Intervention_344 28
Intervention_347 2
Intervention_35 75
Intervention_351 3
Intervention_354 11
Intervention_36 71
Intervention_364 45
Intervention_369 81
Intervention_374 63
Intervention_375 35
Intervention_379 4
Intervention_384 17
Intervention_389 37
Intervention_395 28
Intervention_398 70
Intervention_401 32
Intervention_409 23
Intervention_415 15
Intervention_418 70
Intervention_42 16
Intervention_423 77
Intervention_426 21
Intervention_427 77
Intervention_428 15
Intervention_429 39
Intervention_433 21
Intervention_434 77
Intervention_435 3
Intervention_442 81
Intervention_458 3
Intervention_46 50
Intervention_460 44
Intervention_464 11
Intervention_465 14
Intervention_48 5
Intervention_482 73
Intervention_487 2
Intervention_488 2
Intervention_489 67
Intervention_492 10
Intervention_495 31
Intervention_499 10
Intervention_50 28
Intervention_501 70
Intervention_502 5
Intervention_505 66
Intervention_51 63
Intervention_510 51
Intervention_512 5
Intervention_513 71
Intervention_518 64
Intervention_520 77
Intervention_523 6
Intervention_524 38
Intervention_527 34
Intervention_534 4
Intervention_539 88
Intervention_540 74
Intervention_559 7
Intervention_560 9
Intervention_561 17
Intervention_564 88
Intervention_566 43
Intervention_57 56
Intervention_577 2
Intervention_578 9
Intervention_58 30
Intervention_580 29
Intervention_588 44
Intervention_592 42
Intervention_595 14
Intervention_598 36
Intervention_60 14
Intervention_605 51
Intervention_606 18
Intervention_608 70
Intervention_61 3
Intervention_612 2
Intervention_614 76
Intervention_615 75
Intervention_616 57
Intervention_618 55
Intervention_62 51
Intervention_620 16
Intervention_624 25
Intervention_625 3
Intervention_627 14
Intervention_637 49
Intervention_640 43
Intervention_642 44
Intervention_643 28
Intervention_649 4
Intervention_653 37
Intervention_656 67
Intervention_66 2
Intervention_67 72
Intervention_672 43
Intervention_674 16
Intervention_677 56
Intervention_680 28
Intervention_686 8
Intervention_688 2
Intervention_69 49
Intervention_690 13
Intervention_691 11
Intervention_694 38
Intervention_695 60
Intervention_70 2
Intervention_700 2
Intervention_701 16
Intervention_704 72
Intervention_75 2
Intervention_77 2
Intervention_82 14
Intervention_83 42
Intervention_85 28
Intervention_86 74
Intervention_89 45
Intervention_9 70
Intervention_93 58
Intervention_96 88

#23 --> 1769.42
local search ... (4, 2, 1769.33) - (8, 1, 1769.31) - (2, 7, 1769.29) - (3, 3, 1769.29) - 

apply more local search for uBest (1)...

new best solution = 1769.29 found at: 241.28
Intervention_1 42
Intervention_102 70
Intervention_105 5
Intervention_108 7
Intervention_109 63
Intervention_112 7
Intervention_117 15
Intervention_118 63
Intervention_119 9
Intervention_12 42
Intervention_120 5
Intervention_121 42
Intervention_122 66
Intervention_133 70
Intervention_135 2
Intervention_14 49
Intervention_140 29
Intervention_148 5
Intervention_149 55
Intervention_155 43
Intervention_160 17
Intervention_162 14
Intervention_17 61
Intervention_173 71
Intervention_174 73
Intervention_18 7
Intervention_181 51
Intervention_182 28
Intervention_186 65
Intervention_188 70
Intervention_190 2
Intervention_20 51
Intervention_202 7
Intervention_208 85
Intervention_224 28
Intervention_225 14
Intervention_234 70
Intervention_24 21
Intervention_242 7
Intervention_243 56
Intervention_248 37
Intervention_249 2
Intervention_256 5
Intervention_263 60
Intervention_269 71
Intervention_274 70
Intervention_278 77
Intervention_287 65
Intervention_307 86
Intervention_311 3
Intervention_312 51
Intervention_313 43
Intervention_315 70
Intervention_319 71
Intervention_32 75
Intervention_324 2
Intervention_334 11
Intervention_335 75
Intervention_340 75
Intervention_342 28
Intervention_344 88
Intervention_347 2
Intervention_35 75
Intervention_351 3
Intervention_354 11
Intervention_36 71
Intervention_364 45
Intervention_369 81
Intervention_374 63
Intervention_375 35
Intervention_379 4
Intervention_384 17
Intervention_389 37
Intervention_395 28
Intervention_398 70
Intervention_401 32
Intervention_409 23
Intervention_415 15
Intervention_418 70
Intervention_42 16
Intervention_423 77
Intervention_426 21
Intervention_427 77
Intervention_428 15
Intervention_429 39
Intervention_433 21
Intervention_434 77
Intervention_435 67
Intervention_442 81
Intervention_458 3
Intervention_46 50
Intervention_460 44
Intervention_464 11
Intervention_465 14
Intervention_48 5
Intervention_482 73
Intervention_487 2
Intervention_488 2
Intervention_489 67
Intervention_492 35
Intervention_495 31
Intervention_499 10
Intervention_50 28
Intervention_501 70
Intervention_502 5
Intervention_505 66
Intervention_51 63
Intervention_510 51
Intervention_512 5
Intervention_513 71
Intervention_518 64
Intervention_520 77
Intervention_523 6
Intervention_524 38
Intervention_527 34
Intervention_534 4
Intervention_539 88
Intervention_540 74
Intervention_559 7
Intervention_560 9
Intervention_561 17
Intervention_564 88
Intervention_566 43
Intervention_57 56
Intervention_577 2
Intervention_578 3
Intervention_58 30
Intervention_580 28
Intervention_588 44
Intervention_592 42
Intervention_595 14
Intervention_598 36
Intervention_60 14
Intervention_605 51
Intervention_606 18
Intervention_608 70
Intervention_61 3
Intervention_612 2
Intervention_614 76
Intervention_615 75
Intervention_616 57
Intervention_618 55
Intervention_62 51
Intervention_620 16
Intervention_624 25
Intervention_625 3
Intervention_627 14
Intervention_637 49
Intervention_640 43
Intervention_642 44
Intervention_643 28
Intervention_649 4
Intervention_653 37
Intervention_656 67
Intervention_66 2
Intervention_67 72
Intervention_672 43
Intervention_674 16
Intervention_677 56
Intervention_680 28
Intervention_686 8
Intervention_688 2
Intervention_69 49
Intervention_690 13
Intervention_691 11
Intervention_694 38
Intervention_695 60
Intervention_70 2
Intervention_700 2
Intervention_701 16
Intervention_704 72
Intervention_75 2
Intervention_77 2
Intervention_82 14
Intervention_83 42
Intervention_85 28
Intervention_86 74
Intervention_89 45
Intervention_9 70
Intervention_93 58
Intervention_96 88

#24 --> 1769.46
local search ... (4, 2, 1769.35) - (4, 2, 1769.35) - 

#25 --> 1769.5
local search ... (8, 1, 1769.45) - (8, 1, 1769.45) - 

#26 --> 1769.49
local search ... (4, 2, 1769.32) - (8, 1, 1769.3) - (3, 3, 1769.29) - (3, 3, 1769.29) - 

#27 --> 1769.53
local search ... (3, 3, 1769.32) - (4, 2, 1769.31) - (2, 7, 1769.31) - 

#28 --> 1769.72
local search ... (8, 1, 1769.42) - (3, 3, 1769.42) - 

#29 --> 1769.72
local search ... (4, 2, 1769.46) - (8, 1, 1769.45) - (8, 1, 1769.45) - 

apply more local search for uBest (6)...

#30 --> 1769.78
local search ... (2, 7, 1769.52) - (2, 7, 1769.48) - (4, 2, 1769.47) - (3, 3, 1769.47) - 

#31 --> 1769.87
local search ... (8, 1, 1769.41) - (3, 3, 1769.39) - (2, 7, 1769.39) - 

#32 --> 1770.09
local search ... (3, 3, 1769.87) - (4, 2, 1769.84) - (8, 1, 1769.84) - (3, 3, 1769.84) - 

#33 --> 1770.19
local search ... (2, 7, 1769.8) - (8, 1, 1769.76) - (8, 1, 1769.76) - (2, 7, 1769.76) - 
Intervention_1 42
Intervention_102 70
Intervention_105 5
Intervention_108 7
Intervention_109 63
Intervention_112 7
Intervention_117 15
Intervention_118 63
Intervention_119 9
Intervention_12 42
Intervention_120 5
Intervention_121 42
Intervention_122 66
Intervention_133 70
Intervention_135 2
Intervention_14 49
Intervention_140 29
Intervention_148 5
Intervention_149 55
Intervention_155 43
Intervention_160 17
Intervention_162 14
Intervention_17 61
Intervention_173 71
Intervention_174 73
Intervention_18 7
Intervention_181 51
Intervention_182 28
Intervention_186 65
Intervention_188 70
Intervention_190 2
Intervention_20 51
Intervention_202 7
Intervention_208 85
Intervention_224 28
Intervention_225 14
Intervention_234 70
Intervention_24 21
Intervention_242 7
Intervention_243 56
Intervention_248 37
Intervention_249 2
Intervention_256 5
Intervention_263 60
Intervention_269 71
Intervention_274 70
Intervention_278 77
Intervention_287 65
Intervention_307 86
Intervention_311 3
Intervention_312 51
Intervention_313 43
Intervention_315 70
Intervention_319 71
Intervention_32 75
Intervention_324 2
Intervention_334 11
Intervention_335 75
Intervention_340 75
Intervention_342 28
Intervention_344 88
Intervention_347 2
Intervention_35 75
Intervention_351 3
Intervention_354 11
Intervention_36 71
Intervention_364 45
Intervention_369 81
Intervention_374 63
Intervention_375 35
Intervention_379 4
Intervention_384 17
Intervention_389 37
Intervention_395 28
Intervention_398 70
Intervention_401 32
Intervention_409 23
Intervention_415 15
Intervention_418 70
Intervention_42 16
Intervention_423 77
Intervention_426 21
Intervention_427 77
Intervention_428 15
Intervention_429 39
Intervention_433 21
Intervention_434 77
Intervention_435 67
Intervention_442 81
Intervention_458 3
Intervention_46 50
Intervention_460 44
Intervention_464 11
Intervention_465 14
Intervention_48 5
Intervention_482 73
Intervention_487 2
Intervention_488 2
Intervention_489 67
Intervention_492 35
Intervention_495 31
Intervention_499 10
Intervention_50 28
Intervention_501 70
Intervention_502 5
Intervention_505 66
Intervention_51 63
Intervention_510 51
Intervention_512 5
Intervention_513 71
Intervention_518 64
Intervention_520 77
Intervention_523 6
Intervention_524 38
Intervention_527 34
Intervention_534 4
Intervention_539 88
Intervention_540 74
Intervention_559 7
Intervention_560 9
Intervention_561 17
Intervention_564 88
Intervention_566 43
Intervention_57 56
Intervention_577 2
Intervention_578 3
Intervention_58 30
Intervention_580 28
Intervention_588 44
Intervention_592 42
Intervention_595 14
Intervention_598 36
Intervention_60 14
Intervention_605 51
Intervention_606 18
Intervention_608 70
Intervention_61 3
Intervention_612 2
Intervention_614 76
Intervention_615 75
Intervention_616 57
Intervention_618 55
Intervention_62 51
Intervention_620 16
Intervention_624 25
Intervention_625 3
Intervention_627 14
Intervention_637 49
Intervention_640 43
Intervention_642 44
Intervention_643 28
Intervention_649 4
Intervention_653 37
Intervention_656 67
Intervention_66 2
Intervention_67 72
Intervention_672 43
Intervention_674 16
Intervention_677 56
Intervention_680 28
Intervention_686 8
Intervention_688 2
Intervention_69 49
Intervention_690 13
Intervention_691 11
Intervention_694 38
Intervention_695 60
Intervention_70 2
Intervention_700 2
Intervention_701 16
Intervention_704 72
Intervention_75 2
Intervention_77 2
Intervention_82 14
Intervention_83 42
Intervention_85 28
Intervention_86 74
Intervention_89 45
Intervention_9 70
Intervention_93 58
Intervention_96 88
OBJ1 = 3538.5850002
OBJ2 = 0.0000000
OBJ = 1769.2925001
